<?xml version="1.0" encoding="UTF-8"?>
<!-- Generated by org.testng.reporters.JUnitReportReporter -->
<testsuite hostname="Makarands-MacBook-Pro.local" name="AnnotationExample.BaseTest" tests="1" failures="0" timestamp="3 Feb 2014 05:10:03 GMT" time="0.031" errors="0">
  <testcase name="test" time="0.031" classname="AnnotationExample.BaseTest"/>
</testsuite> <!-- AnnotationExample.BaseTest -->
